# JRE version: OpenJDK Runtime Environment (8.0) (build 1.8.0-25-microsoft-b00)
# Java VM: OpenJDK 64-Bit Server VM (25.71-b00 mixed mode windows-amd64 compressed oops)
Heap:
 PSYoungGen      total 26112K, used 22843K [0x000000076b380000, 0x000000076e100000, 0x00000007c0000000)
  eden space 20480K, 86% used [0x000000076b380000,0x000000076c4d9450,0x000000076c780000)
  from space 5632K, 90% used [0x000000076c780000,0x000000076cc75b28,0x000000076cd00000)
  to   space 8704K, 0% used [0x000000076d880000,0x000000076d880000,0x000000076e100000)
 ParOldGen       total 19456K, used 11831K [0x00000006c1a00000, 0x00000006c2d00000, 0x000000076b380000)
  object space 19456K, 60% used [0x00000006c1a00000,0x00000006c258dca8,0x00000006c2d00000)
 Metaspace       used 8050K, capacity 8788K, committed 8960K, reserved 1056768K
  class space    used 885K, capacity 912K, committed 1024K, reserved 1048576K
GC Heap History (10 events):
Event: 3.761 GC heap before
{Heap before GC invocations=7 (full 0):
 PSYoungGen      total 14336K, used 14074K [0x000000076b380000, 0x000000076c580000, 0x00000007c0000000)
  eden space 11776K, 100% used [0x000000076b380000,0x000000076bf00000,0x000000076bf00000)
  from space 2560K, 89% used [0x000000076c200000,0x000000076c43e9a8,0x000000076c480000)
  to   space 3072K, 0% used [0x000000076bf00000,0x000000076bf00000,0x000000076c200000)
 ParOldGen       total 5632K, used 2661K [0x00000006c1a00000, 0x00000006c1f80000, 0x000000076b380000)
  object space 5632K, 47% used [0x00000006c1a00000,0x00000006c1c99498,0x00000006c1f80000)
 Metaspace       used 7296K, capacity 8180K, committed 8320K, reserved 1056768K
  class space    used 858K, capacity 880K, committed 896K, reserved 1048576K
Event: 3.765 GC heap after
Heap after GC invocations=7 (full 0):
 PSYoungGen      total 14848K, used 3062K [0x000000076b380000, 0x000000076d280000, 0x00000007c0000000)
  eden space 11776K, 0% used [0x000000076b380000,0x000000076b380000,0x000000076bf00000)
  from space 3072K, 99% used [0x000000076bf00000,0x000000076c1fd928,0x000000076c200000)
  to   space 4096K, 0% used [0x000000076ce80000,0x000000076ce80000,0x000000076d280000)
 ParOldGen       total 5632K, used 4054K [0x00000006c1a00000, 0x00000006c1f80000, 0x000000076b380000)
  object space 5632K, 71% used [0x00000006c1a00000,0x00000006c1df5898,0x00000006c1f80000)
 Metaspace       used 7296K, capacity 8180K, committed 8320K, reserved 1056768K
  class space    used 858K, capacity 880K, committed 896K, reserved 1048576K
}
Event: 3.765 GC heap before
{Heap before GC invocations=8 (full 1):
 PSYoungGen      total 14848K, used 3062K [0x000000076b380000, 0x000000076d280000, 0x00000007c0000000)
  eden space 11776K, 0% used [0x000000076b380000,0x000000076b380000,0x000000076bf00000)
  from space 3072K, 99% used [0x000000076bf00000,0x000000076c1fd928,0x000000076c200000)
  to   space 4096K, 0% used [0x000000076ce80000,0x000000076ce80000,0x000000076d280000)
 ParOldGen       total 5632K, used 4054K [0x00000006c1a00000, 0x00000006c1f80000, 0x000000076b380000)
  object space 5632K, 71% used [0x00000006c1a00000,0x00000006c1df5898,0x00000006c1f80000)
 Metaspace       used 7296K, capacity 8180K, committed 8320K, reserved 1056768K
  class space    used 858K, capacity 880K, committed 896K, reserved 1048576K
Event: 3.792 GC heap after
Heap after GC invocations=8 (full 1):
 PSYoungGen      total 14848K, used 1244K [0x000000076b380000, 0x000000076d280000, 0x00000007c0000000)
  eden space 11776K, 0% used [0x000000076b380000,0x000000076b380000,0x000000076bf00000)
  from space 3072K, 40% used [0x000000076bf00000,0x000000076c037240,0x000000076c200000)
  to   space 4096K, 0% used [0x000000076ce80000,0x000000076ce80000,0x000000076d280000)
 ParOldGen       total 9728K, used 5545K [0x00000006c1a00000, 0x00000006c2380000, 0x000000076b380000)
  object space 9728K, 57% used [0x00000006c1a00000,0x00000006c1f6a788,0x00000006c2380000)
 Metaspace       used 7296K, capacity 8180K, committed 8320K, reserved 1056768K
  class space    used 858K, capacity 880K, committed 896K, reserved 1048576K
}
Event: 5.053 GC heap before
{Heap before GC invocations=9 (full 1):
 PSYoungGen      total 14848K, used 13020K [0x000000076b380000, 0x000000076d280000, 0x00000007c0000000)
  eden space 11776K, 100% used [0x000000076b380000,0x000000076bf00000,0x000000076bf00000)
  from space 3072K, 40% used [0x000000076bf00000,0x000000076c037240,0x000000076c200000)
  to   space 4096K, 0% used [0x000000076ce80000,0x000000076ce80000,0x000000076d280000)
 ParOldGen       total 9728K, used 5545K [0x00000006c1a00000, 0x00000006c2380000, 0x000000076b380000)
  object space 9728K, 57% used [0x00000006c1a00000,0x00000006c1f6a788,0x00000006c2380000)
 Metaspace       used 7396K, capacity 8244K, committed 8320K, reserved 1056768K
  class space    used 858K, capacity 880K, committed 896K, reserved 1048576K
Event: 5.056 GC heap after
Heap after GC invocations=9 (full 1):
 PSYoungGen      total 24064K, used 4068K [0x000000076b380000, 0x000000076d280000, 0x00000007c0000000)
  eden space 19968K, 0% used [0x000000076b380000,0x000000076b380000,0x000000076c700000)
  from space 4096K, 99% used [0x000000076ce80000,0x000000076d2791a0,0x000000076d280000)
  to   space 5632K, 0% used [0x000000076c780000,0x000000076c780000,0x000000076cd00000)
 ParOldGen       total 9728K, used 6281K [0x00000006c1a00000, 0x00000006c2380000, 0x000000076b380000)
  object space 9728K, 64% used [0x00000006c1a00000,0x00000006c2022788,0x00000006c2380000)
 Metaspace       used 7396K, capacity 8244K, committed 8320K, reserved 1056768K
  class space    used 858K, capacity 880K, committed 896K, reserved 1048576K
}
Event: 5.359 GC heap before
{Heap before GC invocations=10 (full 1):
 PSYoungGen      total 24064K, used 24036K [0x000000076b380000, 0x000000076d280000, 0x00000007c0000000)
  eden space 19968K, 100% used [0x000000076b380000,0x000000076c700000,0x000000076c700000)
  from space 4096K, 99% used [0x000000076ce80000,0x000000076d2791a0,0x000000076d280000)
  to   space 5632K, 0% used [0x000000076c780000,0x000000076c780000,0x000000076cd00000)
 ParOldGen       total 9728K, used 6281K [0x00000006c1a00000, 0x00000006c2380000, 0x000000076b380000)
  object space 9728K, 64% used [0x00000006c1a00000,0x00000006c2022788,0x00000006c2380000)
 Metaspace       used 7836K, capacity 8596K, committed 8960K, reserved 1056768K
  class space    used 881K, capacity 912K, committed 1024K, reserved 1048576K
Event: 5.368 GC heap after
Heap after GC invocations=10 (full 1):
 PSYoungGen      total 26112K, used 5618K [0x000000076b380000, 0x000000076e100000, 0x00000007c0000000)
  eden space 20480K, 0% used [0x000000076b380000,0x000000076b380000,0x000000076c780000)
  from space 5632K, 99% used [0x000000076c780000,0x000000076ccfcad8,0x000000076cd00000)
  to   space 8704K, 0% used [0x000000076d880000,0x000000076d880000,0x000000076e100000)
 ParOldGen       total 12288K, used 11965K [0x00000006c1a00000, 0x00000006c2600000, 0x000000076b380000)
  object space 12288K, 97% used [0x00000006c1a00000,0x00000006c25af530,0x00000006c2600000)
 Metaspace       used 7836K, capacity 8596K, committed 8960K, reserved 1056768K
  class space    used 881K, capacity 912K, committed 1024K, reserved 1048576K
}
Event: 5.368 GC heap before
{Heap before GC invocations=11 (full 2):
 PSYoungGen      total 26112K, used 5618K [0x000000076b380000, 0x000000076e100000, 0x00000007c0000000)
  eden space 20480K, 0% used [0x000000076b380000,0x000000076b380000,0x000000076c780000)
  from space 5632K, 99% used [0x000000076c780000,0x000000076ccfcad8,0x000000076cd00000)
  to   space 8704K, 0% used [0x000000076d880000,0x000000076d880000,0x000000076e100000)
 ParOldGen       total 12288K, used 11965K [0x00000006c1a00000, 0x00000006c2600000, 0x000000076b380000)
  object space 12288K, 97% used [0x00000006c1a00000,0x00000006c25af530,0x00000006c2600000)
 Metaspace       used 7836K, capacity 8596K, committed 8960K, reserved 1056768K
  class space    used 881K, capacity 912K, committed 1024K, reserved 1048576K
Event: 5.474 GC heap after
Heap after GC invocations=11 (full 2):
 PSYoungGen      total 26112K, used 5078K [0x000000076b380000, 0x000000076e100000, 0x00000007c0000000)
  eden space 20480K, 0% used [0x000000076b380000,0x000000076b380000,0x000000076c780000)
  from space 5632K, 90% used [0x000000076c780000,0x000000076cc75b28,0x000000076cd00000)
  to   space 8704K, 0% used [0x000000076d880000,0x000000076d880000,0x000000076e100000)
 ParOldGen       total 19456K, used 11831K [0x00000006c1a00000, 0x00000006c2d00000, 0x000000076b380000)
  object space 19456K, 60% used [0x00000006c1a00000,0x00000006c258dca8,0x00000006c2d00000)
 Metaspace       used 7836K, capacity 8596K, committed 8960K, reserved 1056768K
  class space    used 881K, capacity 912K, committed 1024K, reserved 1048576K
}

